<?xml version="1.0" encoding="UTF-8"?>
<!-- Generated by org.testng.reporters.JUnitReportReporter -->
<testsuite hostname="DESKTOP-64KE9LQ" failures="0" tests="1" name="test1.TestNg_Demo" time="9.465" errors="0" timestamp="2021-08-08T21:38:10 BDT" skipped="0">
  <testcase classname="test1.TestNg_Demo" name="GoogleSearch" time="9.465"/>
  <system-out/>
</testsuite> <!-- test1.TestNg_Demo -->
