<?xml version="1.0" encoding="UTF-8"?>
<!-- Generated by org.testng.reporters.JUnitReportReporter -->
<testsuite hostname="DESKTOP-64KE9LQ" failures="0" tests="1" name="test1.TestNg_Demo" time="3.773" errors="0" timestamp="2021-08-03T15:16:31 BDT" skipped="0">
  <testcase classname="test1.TestNg_Demo" name="GoogleSearch" time="3.773"/>
  <system-out/>
</testsuite> <!-- test1.TestNg_Demo -->
