<?xml version="1.0" encoding="UTF-8"?>
<!-- Generated by org.testng.reporters.JUnitReportReporter -->
<testsuite hostname="DESKTOP-64KE9LQ" failures="0" tests="1" name="test1.ExtendReportDemoTestng" time="8.546" errors="0" timestamp="2021-08-05T15:31:18 BDT" skipped="0">
  <testcase classname="test1.ExtendReportDemoTestng" name="test1" time="8.546"/>
  <system-out/>
</testsuite> <!-- test1.ExtendReportDemoTestng -->
